{
  "stats": {
    "suites": 1,
    "tests": 2,
    "passes": 2,
    "pending": 0,
    "failures": 0,
    "start": "2026-02-24T14:16:12.895Z",
    "end": "2026-02-24T14:16:14.715Z",
    "duration": 1820,
    "testsRegistered": 2,
    "passPercent": 100,
    "pendingPercent": 0,
    "other": 0,
    "hasOther": false,
    "skipped": 0,
    "hasSkipped": false
  },
  "results": [
    {
      "uuid": "12ff7a79-0c94-486c-95b8-71561e54db5f",
      "title": "",
      "fullFile": "cypress/e2e/gui/login.cy.js",
      "file": "cypress/e2e/gui/login.cy.js",
      "beforeHooks": [],
      "afterHooks": [],
      "tests": [],
      "suites": [
        {
          "uuid": "5e29ac64-1193-4749-abf4-dcde071e16f7",
          "title": "SauceDemo Login Tests",
          "fullFile": "",
          "file": "",
          "beforeHooks": [],
          "afterHooks": [],
          "tests": [
            {
              "title": "should login successfully with valid credentials",
              "fullTitle": "SauceDemo Login Tests should login successfully with valid credentials",
              "timedOut": null,
              "duration": 975,
              "state": "passed",
              "speed": "fast",
              "pass": true,
              "fail": false,
              "pending": false,
              "context": null,
              "code": "_LoginPage.default.submitLogin(credentials.standardUser, credentials.password);\n// Validation: Verify URL redirection\ncy.url().should('include', '/inventory.html');",
              "err": {},
              "uuid": "b43922cb-0c2b-47a8-8ab3-863739f3dfb9",
              "parentUUID": "5e29ac64-1193-4749-abf4-dcde071e16f7",
              "isHook": false,
              "skipped": false
            },
            {
              "title": "should display error message for locked out user",
              "fullTitle": "SauceDemo Login Tests should display error message for locked out user",
              "timedOut": null,
              "duration": 779,
              "state": "passed",
              "speed": "fast",
              "pass": true,
              "fail": false,
              "pending": false,
              "context": null,
              "code": "_LoginPage.default.submitLogin(credentials.lockedOutUser, credentials.password);\n// Validation: Verify specific error text\n_LoginPage.default.elements.errorMessage().should('contain', 'Sorry, this user has been locked out');",
              "err": {},
              "uuid": "1ed50794-8ecc-4d33-9401-da75ae472a47",
              "parentUUID": "5e29ac64-1193-4749-abf4-dcde071e16f7",
              "isHook": false,
              "skipped": false
            }
          ],
          "suites": [],
          "passes": [
            "b43922cb-0c2b-47a8-8ab3-863739f3dfb9",
            "1ed50794-8ecc-4d33-9401-da75ae472a47"
          ],
          "failures": [],
          "pending": [],
          "skipped": [],
          "duration": 1754,
          "root": false,
          "rootEmpty": false,
          "_timeout": 2000
        }
      ],
      "passes": [],
      "failures": [],
      "pending": [],
      "skipped": [],
      "duration": 0,
      "root": true,
      "rootEmpty": true,
      "_timeout": 2000
    }
  ],
  "meta": {
    "mocha": {
      "version": "7.2.0"
    },
    "mochawesome": {
      "options": {
        "quiet": false,
        "reportFilename": "mochawesome",
        "saveHtml": false,
        "saveJson": true,
        "consoleReporter": "spec",
        "useInlineDiffs": false,
        "code": true
      },
      "version": "7.1.4"
    },
    "marge": {
      "options": {
        "reportDir": "cypress/reports",
        "overwrite": false,
        "html": false,
        "json": true,
        "timestamp": "mmddyyyy_HHMMss"
      },
      "version": "6.3.2"
    }
  }
}