{
  "stats": {
    "suites": 1,
    "tests": 8,
    "passes": 8,
    "pending": 0,
    "failures": 0,
    "start": "2026-02-24T14:00:11.334Z",
    "end": "2026-02-24T14:00:12.354Z",
    "duration": 1020,
    "testsRegistered": 8,
    "passPercent": 100,
    "pendingPercent": 0,
    "other": 0,
    "hasOther": false,
    "skipped": 0,
    "hasSkipped": false
  },
  "results": [
    {
      "uuid": "d7476f68-a200-4ca2-be80-3e8786fae590",
      "title": "",
      "fullFile": "cypress/e2e/api/users.cy.js",
      "file": "cypress/e2e/api/users.cy.js",
      "beforeHooks": [],
      "afterHooks": [],
      "tests": [],
      "suites": [
        {
          "uuid": "72a9f657-8230-47f7-97e7-28eec1fabc6f",
          "title": "API Testing - User Management",
          "fullFile": "",
          "file": "",
          "beforeHooks": [],
          "afterHooks": [],
          "tests": [
            {
              "title": "POST - validate login endpoint simulation",
              "fullTitle": "API Testing - User Management POST - validate login endpoint simulation",
              "timedOut": null,
              "duration": 343,
              "state": "passed",
              "speed": "fast",
              "pass": true,
              "fail": false,
              "pending": false,
              "context": null,
              "code": "cy.request({\n  method: 'POST',\n  url: `${baseUrl}/posts`,\n  body: this.apiData.loginMock\n}).then(response => {\n  expect(response.status).to.eq(201);\n});",
              "err": {},
              "uuid": "83273979-dd4e-4acb-9693-627b9a713585",
              "parentUUID": "72a9f657-8230-47f7-97e7-28eec1fabc6f",
              "isHook": false,
              "skipped": false
            },
            {
              "title": "GET - should validate the users list structure",
              "fullTitle": "API Testing - User Management GET - should validate the users list structure",
              "timedOut": null,
              "duration": 35,
              "state": "passed",
              "speed": "fast",
              "pass": true,
              "fail": false,
              "pending": false,
              "context": null,
              "code": "cy.request({\n  method: 'GET',\n  url: `${baseUrl}/users`\n}).then(response => {\n  expect(response.status).to.eq(200);\n  expect(response.duration).to.be.lessThan(1000);\n  expect(response.body).to.be.an('array');\n  expect(response.body[0]).to.have.property('id');\n  expect(response.body[0].address).to.have.property('geo');\n});",
              "err": {},
              "uuid": "c4b2c5e3-f5d4-4738-83e4-f8200041f435",
              "parentUUID": "72a9f657-8230-47f7-97e7-28eec1fabc6f",
              "isHook": false,
              "skipped": false
            },
            {
              "title": "POST - should create a new post and validate contract",
              "fullTitle": "API Testing - User Management POST - should create a new post and validate contract",
              "timedOut": null,
              "duration": 88,
              "state": "passed",
              "speed": "fast",
              "pass": true,
              "fail": false,
              "pending": false,
              "context": null,
              "code": "const payload = this.apiData.newPost;\ncy.request({\n  method: 'POST',\n  url: `${baseUrl}/posts`,\n  body: payload\n}).then(response => {\n  expect(response.status).to.eq(201);\n  expect(response.body.title).to.eq(payload.title);\n  expect(response.body).to.have.property('id');\n});",
              "err": {},
              "uuid": "32c09ee1-4ab3-4570-8fa8-6b2d96226ad0",
              "parentUUID": "72a9f657-8230-47f7-97e7-28eec1fabc6f",
              "isHook": false,
              "skipped": false
            },
            {
              "title": "GET - should return 404 when user does not exist",
              "fullTitle": "API Testing - User Management GET - should return 404 when user does not exist",
              "timedOut": null,
              "duration": 228,
              "state": "passed",
              "speed": "fast",
              "pass": true,
              "fail": false,
              "pending": false,
              "context": null,
              "code": "cy.request({\n  method: 'GET',\n  url: `${baseUrl}/users/999`,\n  // Invalid ID\n  failOnStatusCode: false // Avoid Cypress failling test automatically\n}).then(response => {\n  expect(response.status).to.eq(404);\n});",
              "err": {},
              "uuid": "54fdc1b2-fa7a-47d3-995b-caf4e87de73c",
              "parentUUID": "72a9f657-8230-47f7-97e7-28eec1fabc6f",
              "isHook": false,
              "skipped": false
            },
            {
              "title": "POST - should validate error when sending empty body",
              "fullTitle": "API Testing - User Management POST - should validate error when sending empty body",
              "timedOut": null,
              "duration": 86,
              "state": "passed",
              "speed": "fast",
              "pass": true,
              "fail": false,
              "pending": false,
              "context": null,
              "code": "cy.request({\n  method: 'POST',\n  url: `${baseUrl}/posts`,\n  failOnStatusCode: false,\n  body: {} // null body -- check how API behaves\n}).then(response => {\n  // If body is null, returns error\n  // No JSONPlaceholder returns 201, but should be 400\n  expect(response.status).to.be.oneOf([201, 400]);\n});",
              "err": {},
              "uuid": "2fe6894a-7232-46df-9550-3c8ba7e131ef",
              "parentUUID": "72a9f657-8230-47f7-97e7-28eec1fabc6f",
              "isHook": false,
              "skipped": false
            },
            {
              "title": "GET - should meet performance SLA (under 500ms)",
              "fullTitle": "API Testing - User Management GET - should meet performance SLA (under 500ms)",
              "timedOut": null,
              "duration": 30,
              "state": "passed",
              "speed": "fast",
              "pass": true,
              "fail": false,
              "pending": false,
              "context": null,
              "code": "cy.request(`${baseUrl}/posts`).then(response => {\n  // High performance APIs must provide a response quickly\n  expect(response.duration).to.be.lessThan(500);\n});",
              "err": {},
              "uuid": "e27e110b-c4cf-49f5-b750-0247e9b5424b",
              "parentUUID": "72a9f657-8230-47f7-97e7-28eec1fabc6f",
              "isHook": false,
              "skipped": false
            },
            {
              "title": "GET - contract validation (Schema)",
              "fullTitle": "API Testing - User Management GET - contract validation (Schema)",
              "timedOut": null,
              "duration": 61,
              "state": "passed",
              "speed": "fast",
              "pass": true,
              "fail": false,
              "pending": false,
              "context": null,
              "code": "cy.request('GET', `${baseUrl}/users/1`).then(response => {\n  const user = response.body;\n  const schema = this.apiData.userSchema;\n  // Contract validation\n  expect(user.id).to.be.a(schema.id);\n  expect(user.name).to.be.a(schema.name);\n  expect(user.email).to.be.a(schema.email);\n  // Check if mandatory fields are present\n  expect(user).to.have.all.keys('id', 'name', 'username', 'email', 'address', 'phone', 'website', 'company');\n  // Format validation (Regex)\n  expect(user.email).to.match(/^\\S+@\\S+\\.\\S+$/);\n});",
              "err": {},
              "uuid": "c0f0b4ad-1ff7-4fa0-8ae9-bd6b295b230b",
              "parentUUID": "72a9f657-8230-47f7-97e7-28eec1fabc6f",
              "isHook": false,
              "skipped": false
            },
            {
              "title": "GET - should validate authorization header",
              "fullTitle": "API Testing - User Management GET - should validate authorization header",
              "timedOut": null,
              "duration": 23,
              "state": "passed",
              "speed": "fast",
              "pass": true,
              "fail": false,
              "pending": false,
              "context": null,
              "code": "cy.request({\n  method: 'GET',\n  url: `${baseUrl}/posts/1`,\n  headers: {\n    'Authorization': `Bearer ${this.apiData.auth.token}`,\n    'Content-Type': 'application/json'\n  }\n}).then(response => {\n  // Check if token was accepted\n  expect(response.status).to.eq(200);\n  // Checking if header response confirms content type\n  expect(response.headers['content-type']).to.include('application/json');\n});",
              "err": {},
              "uuid": "f8c4cf46-f113-4be1-b99d-1c0508e9d73f",
              "parentUUID": "72a9f657-8230-47f7-97e7-28eec1fabc6f",
              "isHook": false,
              "skipped": false
            }
          ],
          "suites": [],
          "passes": [
            "83273979-dd4e-4acb-9693-627b9a713585",
            "c4b2c5e3-f5d4-4738-83e4-f8200041f435",
            "32c09ee1-4ab3-4570-8fa8-6b2d96226ad0",
            "54fdc1b2-fa7a-47d3-995b-caf4e87de73c",
            "2fe6894a-7232-46df-9550-3c8ba7e131ef",
            "e27e110b-c4cf-49f5-b750-0247e9b5424b",
            "c0f0b4ad-1ff7-4fa0-8ae9-bd6b295b230b",
            "f8c4cf46-f113-4be1-b99d-1c0508e9d73f"
          ],
          "failures": [],
          "pending": [],
          "skipped": [],
          "duration": 894,
          "root": false,
          "rootEmpty": false,
          "_timeout": 2000
        }
      ],
      "passes": [],
      "failures": [],
      "pending": [],
      "skipped": [],
      "duration": 0,
      "root": true,
      "rootEmpty": true,
      "_timeout": 2000
    }
  ],
  "meta": {
    "mocha": {
      "version": "7.2.0"
    },
    "mochawesome": {
      "options": {
        "quiet": false,
        "reportFilename": "mochawesome",
        "saveHtml": false,
        "saveJson": true,
        "consoleReporter": "spec",
        "useInlineDiffs": false,
        "code": true
      },
      "version": "7.1.4"
    },
    "marge": {
      "options": {
        "reportDir": "cypress/reports",
        "overwrite": false,
        "html": false,
        "json": true,
        "timestamp": "mmddyyyy_HHMMss"
      },
      "version": "6.3.2"
    }
  }
}