{
  "stats": {
    "suites": 1,
    "tests": 8,
    "passes": 8,
    "pending": 0,
    "failures": 0,
    "start": "2026-02-24T14:15:50.063Z",
    "end": "2026-02-24T14:15:51.017Z",
    "duration": 954,
    "testsRegistered": 8,
    "passPercent": 100,
    "pendingPercent": 0,
    "other": 0,
    "hasOther": false,
    "skipped": 0,
    "hasSkipped": false
  },
  "results": [
    {
      "uuid": "315906a2-c764-4ef7-9b45-419cf40dcb28",
      "title": "",
      "fullFile": "cypress/e2e/api/users.cy.js",
      "file": "cypress/e2e/api/users.cy.js",
      "beforeHooks": [],
      "afterHooks": [],
      "tests": [],
      "suites": [
        {
          "uuid": "66ade8cf-05a4-437d-8510-47e050dd4ec9",
          "title": "API Testing - User Management",
          "fullFile": "",
          "file": "",
          "beforeHooks": [],
          "afterHooks": [],
          "tests": [
            {
              "title": "POST - validate login endpoint simulation",
              "fullTitle": "API Testing - User Management POST - validate login endpoint simulation",
              "timedOut": null,
              "duration": 302,
              "state": "passed",
              "speed": "fast",
              "pass": true,
              "fail": false,
              "pending": false,
              "context": null,
              "code": "cy.request({\n  method: 'POST',\n  url: `${baseUrl}/posts`,\n  body: this.apiData.loginMock\n}).then(response => {\n  expect(response.status).to.eq(201);\n});",
              "err": {},
              "uuid": "6abc9a27-b094-4df2-97b2-a77f6c3ef93b",
              "parentUUID": "66ade8cf-05a4-437d-8510-47e050dd4ec9",
              "isHook": false,
              "skipped": false
            },
            {
              "title": "GET - should validate the users list structure",
              "fullTitle": "API Testing - User Management GET - should validate the users list structure",
              "timedOut": null,
              "duration": 49,
              "state": "passed",
              "speed": "fast",
              "pass": true,
              "fail": false,
              "pending": false,
              "context": null,
              "code": "cy.request({\n  method: 'GET',\n  url: `${baseUrl}/users`\n}).then(response => {\n  expect(response.status).to.eq(200);\n  expect(response.duration).to.be.lessThan(1000);\n  expect(response.body).to.be.an('array');\n  expect(response.body[0]).to.have.property('id');\n  expect(response.body[0].address).to.have.property('geo');\n});",
              "err": {},
              "uuid": "ea0e0f7a-4885-44f1-84e5-249a2ea73f65",
              "parentUUID": "66ade8cf-05a4-437d-8510-47e050dd4ec9",
              "isHook": false,
              "skipped": false
            },
            {
              "title": "POST - should create a new post and validate contract",
              "fullTitle": "API Testing - User Management POST - should create a new post and validate contract",
              "timedOut": null,
              "duration": 97,
              "state": "passed",
              "speed": "fast",
              "pass": true,
              "fail": false,
              "pending": false,
              "context": null,
              "code": "const payload = this.apiData.newPost;\ncy.request({\n  method: 'POST',\n  url: `${baseUrl}/posts`,\n  body: payload\n}).then(response => {\n  expect(response.status).to.eq(201);\n  expect(response.body.title).to.eq(payload.title);\n  expect(response.body).to.have.property('id');\n});",
              "err": {},
              "uuid": "2dd34bea-469f-46eb-b49c-37126a793146",
              "parentUUID": "66ade8cf-05a4-437d-8510-47e050dd4ec9",
              "isHook": false,
              "skipped": false
            },
            {
              "title": "GET - should return 404 when user does not exist",
              "fullTitle": "API Testing - User Management GET - should return 404 when user does not exist",
              "timedOut": null,
              "duration": 150,
              "state": "passed",
              "speed": "fast",
              "pass": true,
              "fail": false,
              "pending": false,
              "context": null,
              "code": "cy.request({\n  method: 'GET',\n  url: `${baseUrl}/users/999`,\n  // Invalid ID\n  failOnStatusCode: false // Avoid Cypress failling test automatically\n}).then(response => {\n  expect(response.status).to.eq(404);\n});",
              "err": {},
              "uuid": "24b15219-8043-4e68-a54b-ee834d9bfc8f",
              "parentUUID": "66ade8cf-05a4-437d-8510-47e050dd4ec9",
              "isHook": false,
              "skipped": false
            },
            {
              "title": "POST - should validate error when sending empty body",
              "fullTitle": "API Testing - User Management POST - should validate error when sending empty body",
              "timedOut": null,
              "duration": 74,
              "state": "passed",
              "speed": "fast",
              "pass": true,
              "fail": false,
              "pending": false,
              "context": null,
              "code": "cy.request({\n  method: 'POST',\n  url: `${baseUrl}/posts`,\n  failOnStatusCode: false,\n  body: {} // null body -- check how API behaves\n}).then(response => {\n  // If body is null, returns error\n  // No JSONPlaceholder returns 201, but should be 400\n  expect(response.status).to.be.oneOf([201, 400]);\n});",
              "err": {},
              "uuid": "c1b43539-56d0-4c76-96de-59c9db9db460",
              "parentUUID": "66ade8cf-05a4-437d-8510-47e050dd4ec9",
              "isHook": false,
              "skipped": false
            },
            {
              "title": "GET - should meet performance SLA (under 500ms)",
              "fullTitle": "API Testing - User Management GET - should meet performance SLA (under 500ms)",
              "timedOut": null,
              "duration": 45,
              "state": "passed",
              "speed": "fast",
              "pass": true,
              "fail": false,
              "pending": false,
              "context": null,
              "code": "cy.request(`${baseUrl}/posts`).then(response => {\n  // High performance APIs must provide a response quickly\n  expect(response.duration).to.be.lessThan(500);\n});",
              "err": {},
              "uuid": "ffbfd0c0-8ce0-439b-9d9c-185b24dbdb2c",
              "parentUUID": "66ade8cf-05a4-437d-8510-47e050dd4ec9",
              "isHook": false,
              "skipped": false
            },
            {
              "title": "GET - contract validation (Schema)",
              "fullTitle": "API Testing - User Management GET - contract validation (Schema)",
              "timedOut": null,
              "duration": 68,
              "state": "passed",
              "speed": "fast",
              "pass": true,
              "fail": false,
              "pending": false,
              "context": null,
              "code": "cy.request('GET', `${baseUrl}/users/1`).then(response => {\n  const user = response.body;\n  const schema = this.apiData.userSchema;\n  // Contract validation\n  expect(user.id).to.be.a(schema.id);\n  expect(user.name).to.be.a(schema.name);\n  expect(user.email).to.be.a(schema.email);\n  // Check if mandatory fields are present\n  expect(user).to.have.all.keys('id', 'name', 'username', 'email', 'address', 'phone', 'website', 'company');\n  // Format validation (Regex)\n  expect(user.email).to.match(/^\\S+@\\S+\\.\\S+$/);\n});",
              "err": {},
              "uuid": "8d5801bb-64b2-40b1-8c2e-f2d949807712",
              "parentUUID": "66ade8cf-05a4-437d-8510-47e050dd4ec9",
              "isHook": false,
              "skipped": false
            },
            {
              "title": "GET - should validate authorization header",
              "fullTitle": "API Testing - User Management GET - should validate authorization header",
              "timedOut": null,
              "duration": 41,
              "state": "passed",
              "speed": "fast",
              "pass": true,
              "fail": false,
              "pending": false,
              "context": null,
              "code": "cy.request({\n  method: 'GET',\n  url: `${baseUrl}/posts/1`,\n  headers: {\n    'Authorization': `Bearer ${this.apiData.auth.token}`,\n    'Content-Type': 'application/json'\n  }\n}).then(response => {\n  // Check if token was accepted\n  expect(response.status).to.eq(200);\n  // Checking if header response confirms content type\n  expect(response.headers['content-type']).to.include('application/json');\n});",
              "err": {},
              "uuid": "4c3ee53e-6260-462a-9b86-e3b55949536f",
              "parentUUID": "66ade8cf-05a4-437d-8510-47e050dd4ec9",
              "isHook": false,
              "skipped": false
            }
          ],
          "suites": [],
          "passes": [
            "6abc9a27-b094-4df2-97b2-a77f6c3ef93b",
            "ea0e0f7a-4885-44f1-84e5-249a2ea73f65",
            "2dd34bea-469f-46eb-b49c-37126a793146",
            "24b15219-8043-4e68-a54b-ee834d9bfc8f",
            "c1b43539-56d0-4c76-96de-59c9db9db460",
            "ffbfd0c0-8ce0-439b-9d9c-185b24dbdb2c",
            "8d5801bb-64b2-40b1-8c2e-f2d949807712",
            "4c3ee53e-6260-462a-9b86-e3b55949536f"
          ],
          "failures": [],
          "pending": [],
          "skipped": [],
          "duration": 826,
          "root": false,
          "rootEmpty": false,
          "_timeout": 2000
        }
      ],
      "passes": [],
      "failures": [],
      "pending": [],
      "skipped": [],
      "duration": 0,
      "root": true,
      "rootEmpty": true,
      "_timeout": 2000
    }
  ],
  "meta": {
    "mocha": {
      "version": "7.2.0"
    },
    "mochawesome": {
      "options": {
        "quiet": false,
        "reportFilename": "mochawesome",
        "saveHtml": false,
        "saveJson": true,
        "consoleReporter": "spec",
        "useInlineDiffs": false,
        "code": true
      },
      "version": "7.1.4"
    },
    "marge": {
      "options": {
        "reportDir": "cypress/reports",
        "overwrite": false,
        "html": false,
        "json": true,
        "timestamp": "mmddyyyy_HHMMss"
      },
      "version": "6.3.2"
    }
  }
}