{
  "stats": {
    "suites": 1,
    "tests": 4,
    "passes": 4,
    "pending": 0,
    "failures": 0,
    "start": "2026-01-28T22:52:30.119Z",
    "end": "2026-01-28T22:52:36.416Z",
    "duration": 6297,
    "testsRegistered": 4,
    "passPercent": 100,
    "pendingPercent": 0,
    "other": 0,
    "hasOther": false,
    "skipped": 0,
    "hasSkipped": false
  },
  "results": [
    {
      "uuid": "9fda0da1-9612-4b61-bf46-a36a8d03f7c2",
      "title": "",
      "fullFile": "cypress/e2e/addToCard.cy.js",
      "file": "cypress/e2e/addToCard.cy.js",
      "beforeHooks": [],
      "afterHooks": [],
      "tests": [],
      "suites": [
        {
          "uuid": "2eab2e95-48a6-4a88-8de7-4a6ac4b72e89",
          "title": "Shopping Cart Tests",
          "fullFile": "",
          "file": "",
          "beforeHooks": [],
          "afterHooks": [],
          "tests": [
            {
              "title": "add Sauce Labs Backpack to the cart",
              "fullTitle": "Shopping Cart Tests add Sauce Labs Backpack to the cart",
              "timedOut": null,
              "duration": 1478,
              "state": "passed",
              "speed": "fast",
              "pass": true,
              "fail": false,
              "pending": false,
              "context": null,
              "code": "// Add backpack to cart\n_homePage.default.addBackpackToCart();\n// Open cart\n_CartPage.default.openCart();\n// Check if item is in the cart\n_CartPage.default.checkItemInCart('Sauce Labs Backpack');",
              "err": {},
              "uuid": "9d1e8a17-c1ae-4d3d-93b8-284d42a4f635",
              "parentUUID": "2eab2e95-48a6-4a88-8de7-4a6ac4b72e89",
              "isHook": false,
              "skipped": false
            },
            {
              "title": "remove Source Labs Backpack from the cart",
              "fullTitle": "Shopping Cart Tests remove Source Labs Backpack from the cart",
              "timedOut": null,
              "duration": 947,
              "state": "passed",
              "speed": "fast",
              "pass": true,
              "fail": false,
              "pending": false,
              "context": null,
              "code": "// Add backpack to cart\n_homePage.default.addBackpackToCart();\n// Open cart\n_CartPage.default.openCart();\n// Check if item is in the cart\n_CartPage.default.checkItemInCart('Sauce Labs Backpack');\n// Remove item from the cart\n_CartPage.default.removeFromCart('Sauce Labs Backpack');\n// Check if elemet was removed successfully\n_CartPage.default.checkItemNotVisible('Sauce Labs Backpack');",
              "err": {},
              "uuid": "b4c95fbf-562e-483f-b420-bbfbb82ed22d",
              "parentUUID": "2eab2e95-48a6-4a88-8de7-4a6ac4b72e89",
              "isHook": false,
              "skipped": false
            },
            {
              "title": "checkout not filling any mandatory field",
              "fullTitle": "Shopping Cart Tests checkout not filling any mandatory field",
              "timedOut": null,
              "duration": 1181,
              "state": "passed",
              "speed": "fast",
              "pass": true,
              "fail": false,
              "pending": false,
              "context": null,
              "code": "// Add backpack to cart\n_homePage.default.addBackpackToCart();\n// Open cart\n_CartPage.default.openCart();\n// Check if item is in the cart\n_CartPage.default.checkItemInCart('Sauce Labs Backpack');\n// Click checkout button\n_CartPage.default.checkoutButtonClick();\n// Click Continue button at checkout screen\n_CartPage.default.continueButtonCheckout();\n// Check if error is visible\ncy.checkVisible('[data-test=\"error\"]');",
              "err": {},
              "uuid": "34d3249e-f253-4f29-9694-2816cdb4c5dc",
              "parentUUID": "2eab2e95-48a6-4a88-8de7-4a6ac4b72e89",
              "isHook": false,
              "skipped": false
            },
            {
              "title": "checkout successfully",
              "fullTitle": "Shopping Cart Tests checkout successfully",
              "timedOut": null,
              "duration": 1846,
              "state": "passed",
              "speed": "fast",
              "pass": true,
              "fail": false,
              "pending": false,
              "context": null,
              "code": "// Add backpack to cart\n_homePage.default.addBackpackToCart();\n// Open cart\n_CartPage.default.openCart();\n// Check if item is in the cart\n_CartPage.default.checkItemInCart('Sauce Labs Backpack');\n// Click checkout button\n_CartPage.default.checkoutButtonClick();\n// Fill form correctly\n_CartPage.default.fillCheckoutFormCorrectly();\n// Click Continue button at checkout screen\n_CartPage.default.continueButtonCheckout();\n// Finish the operation\n_CartPage.default.clickFinishCheckout();\n// Check confirmation message\ncy.checkVisible('[data-test=\"complete-header\"]');",
              "err": {},
              "uuid": "28ebbba7-3f49-4a27-b0e3-2e8a8f4e143a",
              "parentUUID": "2eab2e95-48a6-4a88-8de7-4a6ac4b72e89",
              "isHook": false,
              "skipped": false
            }
          ],
          "suites": [],
          "passes": [
            "9d1e8a17-c1ae-4d3d-93b8-284d42a4f635",
            "b4c95fbf-562e-483f-b420-bbfbb82ed22d",
            "34d3249e-f253-4f29-9694-2816cdb4c5dc",
            "28ebbba7-3f49-4a27-b0e3-2e8a8f4e143a"
          ],
          "failures": [],
          "pending": [],
          "skipped": [],
          "duration": 5452,
          "root": false,
          "rootEmpty": false,
          "_timeout": 2000
        }
      ],
      "passes": [],
      "failures": [],
      "pending": [],
      "skipped": [],
      "duration": 0,
      "root": true,
      "rootEmpty": true,
      "_timeout": 2000
    }
  ],
  "meta": {
    "mocha": {
      "version": "7.2.0"
    },
    "mochawesome": {
      "options": {
        "quiet": false,
        "reportFilename": "mochawesome",
        "saveHtml": false,
        "saveJson": true,
        "consoleReporter": "spec",
        "useInlineDiffs": false,
        "code": true
      },
      "version": "7.1.4"
    },
    "marge": {
      "options": {
        "reportDir": "cypress/reports",
        "overwrite": false,
        "html": false,
        "json": true,
        "timestamp": "mmddyyyy_HHMMss"
      },
      "version": "6.3.2"
    }
  }
}